Performing C SOURCE FILE Test CMAKE_HAVE_LIBC_PTHREAD failed with the following output:
Change Dir: /home/nvidia/wzp/videorecorder/record/build/CMakeFiles/CMakeTmp

Run Build Command(s):/usr/bin/make cmTC_267be/fast && /usr/bin/make  -f CMakeFiles/cmTC_267be.dir/build.make CMakeFiles/cmTC_267be.dir/build
make[1]: Entering directory '/home/nvidia/wzp/videorecorder/record/build/CMakeFiles/CMakeTmp'
Building C object CMakeFiles/cmTC_267be.dir/src.c.o
/usr/bin/cc   -DCMAKE_HAVE_LIBC_PTHREAD   -o CMakeFiles/cmTC_267be.dir/src.c.o   -c /home/nvidia/wzp/videorecorder/record/build/CMakeFiles/CMakeTmp/src.c
Linking C executable cmTC_267be
/usr/local/bin/cmake -E cmake_link_script CMakeFiles/cmTC_267be.dir/link.txt --verbose=1
/usr/bin/cc  -DCMAKE_HAVE_LIBC_PTHREAD    CMakeFiles/cmTC_267be.dir/src.c.o  -o cmTC_267be 
CMakeFiles/cmTC_267be.dir/src.c.o: In function `main':
src.c:(.text+0x48): undefined reference to `pthread_create'
src.c:(.text+0x50): undefined reference to `pthread_detach'
src.c:(.text+0x5c): undefined reference to `pthread_join'
src.c:(.text+0x6c): undefined reference to `pthread_atfork'
collect2: error: ld returned 1 exit status
CMakeFiles/cmTC_267be.dir/build.make:89: recipe for target 'cmTC_267be' failed
make[1]: *** [cmTC_267be] Error 1
make[1]: Leaving directory '/home/nvidia/wzp/videorecorder/record/build/CMakeFiles/CMakeTmp'
Makefile:124: recipe for target 'cmTC_267be/fast' failed
make: *** [cmTC_267be/fast] Error 2


Source file was:
#include <pthread.h>

void* test_func(void* data)
{
  return data;
}

int main(void)
{
  pthread_t thread;
  pthread_create(&thread, NULL, test_func, NULL);
  pthread_detach(thread);
  pthread_join(thread, NULL);
  pthread_atfork(NULL, NULL, NULL);
  pthread_exit(NULL);

  return 0;
}

Determining if the function pthread_create exists in the pthreads failed with the following output:
Change Dir: /home/nvidia/wzp/videorecorder/record/build/CMakeFiles/CMakeTmp

Run Build Command(s):/usr/bin/make cmTC_cabd3/fast && /usr/bin/make  -f CMakeFiles/cmTC_cabd3.dir/build.make CMakeFiles/cmTC_cabd3.dir/build
make[1]: Entering directory '/home/nvidia/wzp/videorecorder/record/build/CMakeFiles/CMakeTmp'
Building C object CMakeFiles/cmTC_cabd3.dir/CheckFunctionExists.c.o
/usr/bin/cc   -DCHECK_FUNCTION_EXISTS=pthread_create   -o CMakeFiles/cmTC_cabd3.dir/CheckFunctionExists.c.o   -c /usr/local/share/cmake-3.16/Modules/CheckFunctionExists.c
Linking C executable cmTC_cabd3
/usr/local/bin/cmake -E cmake_link_script CMakeFiles/cmTC_cabd3.dir/link.txt --verbose=1
/usr/bin/cc  -DCHECK_FUNCTION_EXISTS=pthread_create    CMakeFiles/cmTC_cabd3.dir/CheckFunctionExists.c.o  -o cmTC_cabd3  -lpthreads 
/usr/bin/ld: cannot find -lpthreads
collect2: error: ld returned 1 exit status
CMakeFiles/cmTC_cabd3.dir/build.make:89: recipe for target 'cmTC_cabd3' failed
make[1]: *** [cmTC_cabd3] Error 1
make[1]: Leaving directory '/home/nvidia/wzp/videorecorder/record/build/CMakeFiles/CMakeTmp'
Makefile:124: recipe for target 'cmTC_cabd3/fast' failed
make: *** [cmTC_cabd3/fast] Error 2



